\o Program:		@(#)$CDS: libManager version 6.1.7 - CAT35 10/18/2015 00:06 (sjfnl678) $
\o Sub version:		sub-version  p009 
\o Arguments:		-unmapped -mpssession virtuoso65548 -mpshost berkeley 
\o Working Directory:	berkeley:/home/cadence/Desktop/user2
\o 64-bit offsets
\o Qt version: 		4.8.5
\o changeWorkingDir("/home/cadence/Desktop/user2") unnecessary.
\o ddSetForcedLib("") unnecessary.
\o Log file is "/home/cadence/Desktop/user2/libManager.log".
\o Opening libManager window.
\a nrSetWindowVisibility(cdsLibManager "show")
\o MPS service: map window
\a nrSetCurrentWindow(cdsLibManager)
\o Library Manager customization server connected.
\a nrResizeWindow(cdsLibManager list(0 25 1711 805))
\a cdsLibManager->libListBox->value = "diff_amp"
\a cdsLibManager->cellListBox->value = "diff_bgr"
\a cdsLibManager->cellLineEdit->value = "diff_bgr"
\a cdsLibManager->libListBox->value = "folded_cascode_project"
\a cdsLibManager->cellListBox->value = nil
\a cdsLibManager->cellLineEdit->value = ""
\a cdsLibManager->cellListBox->value = "Mosfet_charecterisation"
\a cdsLibManager->cellLineEdit->value = "Mosfet_charecterisation"
\a cdsLibManager->libLineEdit->value = "folded_cascode_project"
\a cdsLibManager->viewListBox->value = "schematic"
\a cdsLibManager->viewLineEdit->value = "schematic"
\a cdsLibManager->FileNewCVButton->value = t
\a nrSetCurrentWindow(cdsLibManager)
\a cdsLibManager->cellListBox->value = "opamp_sympol"
\a cdsLibManager->viewLineEdit->value = ""
\a cdsLibManager->viewListBox->value = nil
\a cdsLibManager->viewListBox->value = "schematic"
\a cdsLibManager->viewLineEdit->value = "schematic"
\a cdsLibManager->cellLineEdit->value = "opamp_sympol"
\a nrSetCurrentWindow(cdsLibManager)
\o MPS service: shutdown
\o libManager is exiting.
\a nrSetWindowVisibility(cdsLibManager "hide")
\a exit(0)
