*Info*    Exporting services from client ... 

*Info*    Client has finished starting ... 



*Info*    Configuring the session ...

	Library      = folded_cascode_project
	Cell         = Mosfet_charecterisation
	View         = schematic
	Simulator    = spectre
	State Path   = $AXL_SETUPDB_DIR/test_states
	State Name   = folded_cascode_project:Mosfet_charecterisation:1_none_Interactive.131
	Results DB   = /home/cadence/Desktop/user2/folded_cascode_project/Mosfet_charecterisation/adexl/results/data/Interactive.131.rdb
	Results Dir  = /home/cadence/simulation/folded_cascode_project/Mosfet_charecterisation/adexl/results/data/Interactive.131/1/folded_cascode_project:Mosfet_charecterisation:1
	Results Loc  = /home/cadence/simulation/folded_cascode_project/Mosfet_charecterisation/adexl/results/data
	Project Dir  = /home/cadence/simulation
	Setup DB loc = /home/cadence/Desktop/user2/folded_cascode_project/Mosfet_charecterisation/adexl
	File Encoding = 0


*Info*    Spectre controlMode is set "batch".






*Info*    Run start for Point ID (129 1) on testbench [
          folded_cascode_project:Mosfet_charecterisation:1 ].

Resetting statistical vars

*Info*    Setting parameter values ...

Setting var L = "1u"
Setting var VBS = "0"
Setting var VDS = "1.2"
Setting var VGS = "0.83"
Setting var W = "10u"
Setting temp(T) = 27

*Info*    Netlist Directory =
          /home/cadence/simulation/folded_cascode_project/Mosfet_charecterisation/adexl/results/data/Interactive.131/1/folded_cascode_project:Mosfet_charecterisation:1/netlist


*Info*    Data Directory    =
          /home/cadence/simulation/folded_cascode_project/Mosfet_charecterisation/adexl/results/data/Interactive.131/1/folded_cascode_project:Mosfet_charecterisation:1


*Info*    Creating Netlist for Point ID (129 1)

generate netlist...
Begin Incremental Netlisting Apr 19 14:10:59 2025
WARNING (OSSHNL-160): The primitive, 'tsmcN65/nch_25od33_mac/spectre', was not used in the last netlisting session in this
current run directory. Therefore, re-netlisting all cell views where this
primitive is instantiated.

WARNING (OSSHNL-195): The value of the property "nlAction" on instance 'M0' in cell 'Mosfet_charecterisation', view
'schematic', has changed since the last netlisting session in the current run
directory. Some cell views will be re-netlisted.

End netlisting Apr 19 14:10:59 2025

Netlisting Statistics:
	Number of components:    6

	Elapsed time:          0.0s
Errors: 0	Warnings: 0
      ...successful.
compose simulator input file...
      ...successful.

*Info*    Running simulation on testbench [
          folded_cascode_project:Mosfet_charecterisation:1 ] for
          Point ID (129 1).

Delete psf data in /home/cadence/simulation/folded_cascode_project/Mosfet_charecterisation/adexl/results/data/Interactive.131/1/folded_cascode_project:Mosfet_charecterisation:1/psf.
compose simulator input file...
      ...successful.
start simulator if needed...
      ...successful.
simulate...
To view the simulator output, right-click on the test name, result 
name, or any value in the "Results" tab of the Outputs section and 
choose "Output Log" menu option.
INFO (ADE-3071): Simulation completed successfully.
reading simulation data...
      ...successful.
*Info*    Client has finished evaluating ... 


*Info*    Run complete for Point ID (129 1) on testbench [
          folded_cascode_project:Mosfet_charecterisation:1 ].





Simulation design variables differ from those on the cellView,
they have been saved in the file "/tmp/saved-design-variables".
To save future changes, copy variables to cellView before exiting.
