*Info*    Exporting services from client ... 

*Info*    Client has finished starting ... 



*Info*    Configuring the session ...

	Library      = folded_cascode_project
	Cell         = opamp_TB_ClosedLoop
	View         = schematic
	Simulator    = spectre
	State Path   = $AXL_SETUPDB_DIR/test_states
	State Name   = folded_cascode_project:opamp_TB_ClosedLoop:1_none_Interactive.86
	Results DB   = /home/cadence/Desktop/user2/folded_cascode_project/opamp_TB_ClosedLoop/adexl/results/data/Interactive.86.rdb
	Results Dir  = /home/cadence/simulation/folded_cascode_project/opamp_TB_ClosedLoop/adexl/results/data/Interactive.86/1/folded_cascode_project:opamp_TB_ClosedLoop:1
	Results Loc  = /home/cadence/simulation/folded_cascode_project/opamp_TB_ClosedLoop/adexl/results/data
	Project Dir  = /home/cadence/simulation
	Setup DB loc = /home/cadence/Desktop/user2/folded_cascode_project/opamp_TB_ClosedLoop/adexl
	File Encoding = 0


*Info*    Spectre controlMode is set "batch".






*Info*    Run start for Point ID (28 1) on testbench [
          folded_cascode_project:opamp_TB_ClosedLoop:1 ].

Resetting statistical vars

*Info*    Setting parameter values ...

Setting var VB2 = "1.27"
Setting var VB3 = "1.27"
Setting var Vincm = "1.65"
Setting var Vind = "1"
Setting temp(T) = 27

*Info*    Netlist Directory =
          /home/cadence/simulation/folded_cascode_project/opamp_TB_ClosedLoop/adexl/results/data/Interactive.86/1/folded_cascode_project:opamp_TB_ClosedLoop:1/netlist


*Info*    Data Directory    =
          /home/cadence/simulation/folded_cascode_project/opamp_TB_ClosedLoop/adexl/results/data/Interactive.86/1/folded_cascode_project:opamp_TB_ClosedLoop:1


*Info*    Creating Netlist for Point ID (28 1)

generate netlist...
Begin Incremental Netlisting Apr 21 06:19:12 2025
End netlisting Apr 21 06:19:12 2025

	The netlist is up to date.
	Time taken to compare the design with netlist:   0.0s
      ...successful.
compose simulator input file...
      ...successful.

*Info*    Running simulation on testbench [
          folded_cascode_project:opamp_TB_ClosedLoop:1 ] for Point ID
          (28 1).

Delete psf data in /home/cadence/simulation/folded_cascode_project/opamp_TB_ClosedLoop/adexl/results/data/Interactive.86/1/folded_cascode_project:opamp_TB_ClosedLoop:1/psf.
compose simulator input file...
      ...successful.
start simulator if needed...
      ...successful.
simulate...
To view the simulator output, right-click on the test name, result 
name, or any value in the "Results" tab of the Outputs section and 
choose "Output Log" menu option.
INFO (ADE-3071): Simulation completed successfully.
reading simulation data...
      ...successful.
*Info*    Client has finished evaluating ... 

WARNING (OCN-6038): Results tran are not available for /home/cadence/simulation/folded_cascode_project/opamp_TB_ClosedLoop/adexl/results/data/Interactive.86/1/folded_cascode_project:opamp_TB_ClosedLoop:1. Use results() for a list of available results.
WARNING (OCN-6038): Results tran are not available for /home/cadence/simulation/folded_cascode_project/opamp_TB_ClosedLoop/adexl/results/data/Interactive.86/1/folded_cascode_project:opamp_TB_ClosedLoop:1. Use results() for a list of available results.
ERROR (ADEXL-2709): Evaluation of output 'transient output' returned 'nil' for point:'1' test:'folded_cascode_project:opamp_TB_ClosedLoop:1'
	Expression:'v("/Vout" ?result "tran")'.
Ensure that the definition of output is correct.

WARNING (OCN-6038): Results tran are not available for /home/cadence/simulation/folded_cascode_project/opamp_TB_ClosedLoop/adexl/results/data/Interactive.86/1/folded_cascode_project:opamp_TB_ClosedLoop:1. Use results() for a list of available results.
WARNING (OCN-6038): Results tran are not available for /home/cadence/simulation/folded_cascode_project/opamp_TB_ClosedLoop/adexl/results/data/Interactive.86/1/folded_cascode_project:opamp_TB_ClosedLoop:1. Use results() for a list of available results.
ERROR (ADEXL-2709): Evaluation of output 'transient input' returned 'nil' for point:'1' test:'folded_cascode_project:opamp_TB_ClosedLoop:1'
	Expression:'v("/Vin" ?result "tran")'.
Ensure that the definition of output is correct.


*Info*    Run complete for Point ID (28 1) on testbench [
          folded_cascode_project:opamp_TB_ClosedLoop:1 ].





Simulation design variables differ from those on the cellView,
they have been saved in the file "/tmp/saved-design-variables".
To save future changes, copy variables to cellView before exiting.
