*Info*    Exporting services from client ... 

*Info*    Client has finished starting ... 



*Info*    Configuring the session ...

	Library      = folded_cascode_project
	Cell         = Mosfet_charecterisation
	View         = schematic
	Simulator    = spectre
	State Path   = $AXL_SETUPDB_DIR/test_states
	State Name   = folded_cascode_project:Mosfet_charecterisation:1_none_Interactive.129
	Results DB   = /home/cadence/Desktop/user2/folded_cascode_project/Mosfet_charecterisation/adexl/results/data/Interactive.129.rdb
	Results Dir  = /home/cadence/simulation/folded_cascode_project/Mosfet_charecterisation/adexl/results/data/Interactive.129/1/folded_cascode_project:Mosfet_charecterisation:1
	Results Loc  = /home/cadence/simulation/folded_cascode_project/Mosfet_charecterisation/adexl/results/data
	Project Dir  = /home/cadence/simulation
	Setup DB loc = /home/cadence/Desktop/user2/folded_cascode_project/Mosfet_charecterisation/adexl
	File Encoding = 0


*Info*    Spectre controlMode is set "batch".






*Info*    Run start for Point ID (127 1) on testbench [
          folded_cascode_project:Mosfet_charecterisation:1 ].

Resetting statistical vars

*Info*    Setting parameter values ...

Setting var L = "1u"
Setting var VBS = "0"
Setting var VDS = "0.7"
Setting var VGS = "0.83"
Setting var W = "18"
Setting temp(T) = 27

*Info*    Netlist Directory =
          /home/cadence/simulation/folded_cascode_project/Mosfet_charecterisation/adexl/results/data/Interactive.129/1/folded_cascode_project:Mosfet_charecterisation:1/netlist


*Info*    Data Directory    =
          /home/cadence/simulation/folded_cascode_project/Mosfet_charecterisation/adexl/results/data/Interactive.129/1/folded_cascode_project:Mosfet_charecterisation:1


*Info*    Creating Netlist for Point ID (127 1)

generate netlist...
Begin Incremental Netlisting Apr 19 14:08:32 2025
End netlisting Apr 19 14:08:32 2025

	The netlist is up to date.
	Time taken to compare the design with netlist:   0.0s
      ...successful.
compose simulator input file...
      ...successful.

*Info*    Running simulation on testbench [
          folded_cascode_project:Mosfet_charecterisation:1 ] for
          Point ID (127 1).

Delete psf data in /home/cadence/simulation/folded_cascode_project/Mosfet_charecterisation/adexl/results/data/Interactive.129/1/folded_cascode_project:Mosfet_charecterisation:1/psf.
compose simulator input file...
      ...successful.
start simulator if needed...
      ...successful.
simulate...
To view the simulator output, right-click on the test name, result 
name, or any value in the "Results" tab of the Outputs section and 
choose "Output Log" menu option.
INFO (ADE-3067): Errors encountered during simulation. For more information, right-click
        on a test name in the 'Results' tab of the Outputs pane and choose 'Output Log'
        to view the simulation run log.

*Error*   Error ID  = 5011
*Error*   Error Msg = Simulator failed to complete the simulation.

          Error found by spectre during initial setup.
Error found by
          spectre during initial setup.
ERROR (CMI-2440): M1:
          Instance length width or area does not fit the given
          lmax-lmin, wmax-wmin or areamax-areamin range for any model
          in the `M1.pch_
33' group. The nearest model could be
          chosen by setting option soft_bin=allmodels.










*Info*    Run start for Point ID (127 1) on testbench [
          folded_cascode_project:Mosfet_charecterisation:1 ].

Resetting statistical vars

*Info*    Setting parameter values ...

Setting var L = "1u"
Setting var VBS = "0"
Setting var VDS = "0.7"
Setting var VGS = "0.83"
Setting var W = "18"
Setting temp(T) = 27

*Info*    Netlist Directory =
          /home/cadence/simulation/folded_cascode_project/Mosfet_charecterisation/adexl/results/data/Interactive.129/1/folded_cascode_project:Mosfet_charecterisation:1/netlist


*Info*    Data Directory    =
          /home/cadence/simulation/folded_cascode_project/Mosfet_charecterisation/adexl/results/data/Interactive.129/1/folded_cascode_project:Mosfet_charecterisation:1


*Info*    Creating Netlist for Point ID (127 1)

generate netlist...
Begin Incremental Netlisting Apr 19 14:08:37 2025
End netlisting Apr 19 14:08:37 2025

	The netlist is up to date.
	Time taken to compare the design with netlist:   0.0s
      ...successful.
compose simulator input file...
      ...successful.

*Info*    Running simulation on testbench [
          folded_cascode_project:Mosfet_charecterisation:1 ] for
          Point ID (127 1).

Delete psf data in /home/cadence/simulation/folded_cascode_project/Mosfet_charecterisation/adexl/results/data/Interactive.129/1/folded_cascode_project:Mosfet_charecterisation:1/psf.
compose simulator input file...
      ...successful.
start simulator if needed...
      ...successful.
simulate...
To view the simulator output, right-click on the test name, result 
name, or any value in the "Results" tab of the Outputs section and 
choose "Output Log" menu option.
INFO (ADE-3067): Errors encountered during simulation. For more information, right-click
        on a test name in the 'Results' tab of the Outputs pane and choose 'Output Log'
        to view the simulation run log.

*Error*   Error ID  = 5011
*Error*   Error Msg = Simulator failed to complete the simulation.

          Error found by spectre during initial setup.
Error found by
          spectre during initial setup.
ERROR (CMI-2440): M1:
          Instance length width or area does not fit the given
          lmax-lmin, wmax-wmin or areamax-areamin range for any model
          in the `M1.pch_
33' group. The nearest model could be
          chosen by setting option soft_bin=allmodels.





Simulation design variables differ from those on the cellView,
they have been saved in the file "/tmp/saved-design-variables".
To save future changes, copy variables to cellView before exiting.
