*Info*    Exporting services from client ... 

*Info*    Client has finished starting ... 



*Info*    Configuring the session ...

	Library      = folded_cascode_project
	Cell         = Mosfet_charecterisation
	View         = schematic
	Simulator    = spectre
	State Path   = $AXL_SETUPDB_DIR/test_states
	State Name   = folded_cascode_project:Mosfet_charecterisation:1_none_Interactive.100
	Results DB   = /home/cadence/Desktop/user2/folded_cascode_project/Mosfet_charecterisation/adexl/results/data/Interactive.100.rdb
	Results Dir  = /home/cadence/simulation/folded_cascode_project/Mosfet_charecterisation/adexl/results/data/Interactive.100/1/folded_cascode_project:Mosfet_charecterisation:1
	Results Loc  = /home/cadence/simulation/folded_cascode_project/Mosfet_charecterisation/adexl/results/data
	Project Dir  = /home/cadence/simulation
	Setup DB loc = /home/cadence/Desktop/user2/folded_cascode_project/Mosfet_charecterisation/adexl
	File Encoding = 0


*Info*    Spectre controlMode is set "batch".






*Info*    Run start for Point ID (98 1) on testbench [
          folded_cascode_project:Mosfet_charecterisation:1 ].

Resetting statistical vars

*Info*    Setting parameter values ...

Setting var L = "0.6n"
Setting var VBS = "0"
Setting var VDS = "0.5"
Setting var VGS = "1.4"
Setting var W = "1u"
Setting temp(T) = 27

*Info*    Netlist Directory =
          /home/cadence/simulation/folded_cascode_project/Mosfet_charecterisation/adexl/results/data/Interactive.100/1/folded_cascode_project:Mosfet_charecterisation:1/netlist


*Info*    Data Directory    =
          /home/cadence/simulation/folded_cascode_project/Mosfet_charecterisation/adexl/results/data/Interactive.100/1/folded_cascode_project:Mosfet_charecterisation:1


*Info*    Creating Netlist for Point ID (98 1)

generate netlist...
Begin Incremental Netlisting Apr 19 12:58:38 2025
End netlisting Apr 19 12:58:38 2025

	The netlist is up to date.
	Time taken to compare the design with netlist:   0.0s
      ...successful.
compose simulator input file...
      ...successful.

*Info*    Running simulation on testbench [
          folded_cascode_project:Mosfet_charecterisation:1 ] for
          Point ID (98 1).

Delete psf data in /home/cadence/simulation/folded_cascode_project/Mosfet_charecterisation/adexl/results/data/Interactive.100/1/folded_cascode_project:Mosfet_charecterisation:1/psf.
compose simulator input file...
      ...successful.
start simulator if needed...
      ...successful.
simulate...
To view the simulator output, right-click on the test name, result 
name, or any value in the "Results" tab of the Outputs section and 
choose "Output Log" menu option.
INFO (ADE-3067): Errors encountered during simulation. For more information, right-click
        on a test name in the 'Results' tab of the Outputs pane and choose 'Output Log'
        to view the simulation run log.

*Error*   Error ID  = 5011
*Error*   Error Msg = Simulator failed to complete the simulation.

          Fatal error found by spectre during hierarchy
          flattening.
FATAL (SFE-1996):
          "/home/cadence/tsmc65nm/tsmcN65/../models/spectre/crn65gplus_2d5_lk_v1d0.scs" 94194: Parameter `geo_fac': Attempt to take the square
 root of a negative number (-0.0145008).
FATAL (SFE-1996): "/home/cadence/tsmc65nm/tsmcN65/../models/spectre/crn65gplus_2d5_lk_v1d0.scs" 94194: Parameter `geo_fac': Attempt to take the square
 root of a negative number (-0.0145008).
FATAL (SFE-1996): "/home/cadence/tsmc65nm/tsmcN65/../models/spectre/crn65gplus_2d5_lk_v1d0.scs" 94194: Parameter `geo_fac': Attempt to take the square
 root of a negative number (-0.0145008).
FATAL (SFE-1996): "/home/cadence/tsmc65nm/tsmcN65/../models/spectre/crn65gplus_2d5_lk_v1d0.scs" 94194: Parameter `geo_fac': Attempt to take the square
 root of a negative number (-0.0145008).
FATAL (SFE-1996): "/home/cadence/tsmc65nm/tsmcN65/../models/spectre/crn65gplus_2d5_lk_v1d0.scs" 94194: Parameter `geo_fac': Attempt to take the square
 root of a negative number (-0.0145008).
FATAL (SFE-1996): "/home/cadence/tsmc65nm/tsmcN65/../models/spectre/crn65gplus_2d5_lk_v1d0.scs" 94194: Parameter `geo_fac': Attempt to take the square
 root of a negative number
           (-0.0145008).










*Info*    Run start for Point ID (98 1) on testbench [
          folded_cascode_project:Mosfet_charecterisation:1 ].

Resetting statistical vars

*Info*    Setting parameter values ...

Setting var L = "0.6n"
Setting var VBS = "0"
Setting var VDS = "0.5"
Setting var VGS = "1.4"
Setting var W = "1u"
Setting temp(T) = 27

*Info*    Netlist Directory =
          /home/cadence/simulation/folded_cascode_project/Mosfet_charecterisation/adexl/results/data/Interactive.100/1/folded_cascode_project:Mosfet_charecterisation:1/netlist


*Info*    Data Directory    =
          /home/cadence/simulation/folded_cascode_project/Mosfet_charecterisation/adexl/results/data/Interactive.100/1/folded_cascode_project:Mosfet_charecterisation:1


*Info*    Creating Netlist for Point ID (98 1)

generate netlist...
Begin Incremental Netlisting Apr 19 12:58:43 2025
End netlisting Apr 19 12:58:43 2025

	The netlist is up to date.
	Time taken to compare the design with netlist:   0.0s
      ...successful.
compose simulator input file...
      ...successful.

*Info*    Running simulation on testbench [
          folded_cascode_project:Mosfet_charecterisation:1 ] for
          Point ID (98 1).

Delete psf data in /home/cadence/simulation/folded_cascode_project/Mosfet_charecterisation/adexl/results/data/Interactive.100/1/folded_cascode_project:Mosfet_charecterisation:1/psf.
compose simulator input file...
      ...successful.
start simulator if needed...
      ...successful.
simulate...
To view the simulator output, right-click on the test name, result 
name, or any value in the "Results" tab of the Outputs section and 
choose "Output Log" menu option.
INFO (ADE-3067): Errors encountered during simulation. For more information, right-click
        on a test name in the 'Results' tab of the Outputs pane and choose 'Output Log'
        to view the simulation run log.

*Error*   Error ID  = 5011
*Error*   Error Msg = Simulator failed to complete the simulation.

          Fatal error found by spectre during hierarchy
          flattening.
FATAL (SFE-1996):
          "/home/cadence/tsmc65nm/tsmcN65/../models/spectre/crn65gplus_2d5_lk_v1d0.scs" 94194: Parameter `geo_fac': Attempt to take the square
 root of a negative number (-0.0145008).
FATAL (SFE-1996): "/home/cadence/tsmc65nm/tsmcN65/../models/spectre/crn65gplus_2d5_lk_v1d0.scs" 94194: Parameter `geo_fac': Attempt to take the square
 root of a negative number (-0.0145008).
FATAL (SFE-1996): "/home/cadence/tsmc65nm/tsmcN65/../models/spectre/crn65gplus_2d5_lk_v1d0.scs" 94194: Parameter `geo_fac': Attempt to take the square
 root of a negative number (-0.0145008).
FATAL (SFE-1996): "/home/cadence/tsmc65nm/tsmcN65/../models/spectre/crn65gplus_2d5_lk_v1d0.scs" 94194: Parameter `geo_fac': Attempt to take the square
 root of a negative number (-0.0145008).
FATAL (SFE-1996): "/home/cadence/tsmc65nm/tsmcN65/../models/spectre/crn65gplus_2d5_lk_v1d0.scs" 94194: Parameter `geo_fac': Attempt to take the square
 root of a negative number (-0.0145008).
FATAL (SFE-1996): "/home/cadence/tsmc65nm/tsmcN65/../models/spectre/crn65gplus_2d5_lk_v1d0.scs" 94194: Parameter `geo_fac': Attempt to take the square
 root of a negative number
           (-0.0145008).





Simulation design variables differ from those on the cellView,
they have been saved in the file "/tmp/saved-design-variables".
To save future changes, copy variables to cellView before exiting.
