*Info*    Exporting services from client ... 

*Info*    Client has finished starting ... 



*Info*    Configuring the session ...

	Library      = folded_cascode_project
	Cell         = opamp_TB_ClosedLoop
	View         = schematic
	Simulator    = spectre
	State Path   = $AXL_SETUPDB_DIR/test_states
	State Name   = folded_cascode_project:opamp_TB_ClosedLoop:1_none_Interactive.95
	Results DB   = /home/cadence/Desktop/user2/folded_cascode_project/opamp_TB_ClosedLoop/adexl/results/data/Interactive.95.rdb
	Results Dir  = /home/cadence/simulation/folded_cascode_project/opamp_TB_ClosedLoop/adexl/results/data/Interactive.95/1/folded_cascode_project:opamp_TB_ClosedLoop:1
	Results Loc  = /home/cadence/simulation/folded_cascode_project/opamp_TB_ClosedLoop/adexl/results/data
	Project Dir  = /home/cadence/simulation
	Setup DB loc = /home/cadence/Desktop/user2/folded_cascode_project/opamp_TB_ClosedLoop/adexl
	File Encoding = 0


*Info*    Spectre controlMode is set "batch".






*Info*    Run start for Point ID (2 1) on testbench [
          folded_cascode_project:opamp_TB_ClosedLoop:1 ].

Resetting statistical vars

*Info*    Setting parameter values ...

Setting var VB2 = "1.27"
Setting var VB3 = "1.27"
Setting var Vincm = "1.65"
Setting var Vind = "1"
Setting temp(T) = 27

*Info*    Netlist Directory =
          /home/cadence/simulation/folded_cascode_project/opamp_TB_ClosedLoop/adexl/results/data/Interactive.95/1/folded_cascode_project:opamp_TB_ClosedLoop:1/netlist


*Info*    Data Directory    =
          /home/cadence/simulation/folded_cascode_project/opamp_TB_ClosedLoop/adexl/results/data/Interactive.95/1/folded_cascode_project:opamp_TB_ClosedLoop:1


*Info*    Creating Netlist for Point ID (2 1)

generate netlist...
Begin Incremental Netlisting Apr 21 06:44:13 2025
WARNING (OSSHNL-160): The primitive, 'analogLib/vsource/spectre', was not used in the last netlisting session in this
current run directory. Therefore, re-netlisting all cell views where this
primitive is instantiated.

WARNING (OSSHNL-195): The value of the property "nlAction" on instance 'V1' in cell 'opamp_TB_ClosedLoop', view
'schematic', has changed since the last netlisting session in the current run
directory. Some cell views will be re-netlisted.

End netlisting Apr 21 06:44:13 2025

Netlisting Statistics:
	Number of components:    8

	Elapsed time:          0.0s
Errors: 0	Warnings: 0
      ...successful.
compose simulator input file...
      ...successful.

*Info*    Running simulation on testbench [
          folded_cascode_project:opamp_TB_ClosedLoop:1 ] for Point ID
          (2 1).

Delete psf data in /home/cadence/simulation/folded_cascode_project/opamp_TB_ClosedLoop/adexl/results/data/Interactive.95/1/folded_cascode_project:opamp_TB_ClosedLoop:1/psf.
compose simulator input file...
      ...successful.
start simulator if needed...
      ...successful.
simulate...
To view the simulator output, right-click on the test name, result 
name, or any value in the "Results" tab of the Outputs section and 
choose "Output Log" menu option.
INFO (ADE-3071): Simulation completed successfully.
reading simulation data...
      ...successful.
*Info*    Client has finished evaluating ... 

WARNING (OCN-6038): Results ac are not available for /home/cadence/simulation/folded_cascode_project/opamp_TB_ClosedLoop/adexl/results/data/Interactive.95/1/folded_cascode_project:opamp_TB_ClosedLoop:1. Use results() for a list of available results.
WARNING (OCN-6038): Results ac are not available for /home/cadence/simulation/folded_cascode_project/opamp_TB_ClosedLoop/adexl/results/data/Interactive.95/1/folded_cascode_project:opamp_TB_ClosedLoop:1. Use results() for a list of available results.
ERROR (ADEXL-2709): Evaluation of output 'Acl' returned 'nil' for point:'1' test:'folded_cascode_project:opamp_TB_ClosedLoop:1'
	Expression:'dB20(mag(v("/Vout" ?result "ac")))'.
Ensure that the definition of output is correct.

WARNING (OCN-6038): Results ac are not available for /home/cadence/simulation/folded_cascode_project/opamp_TB_ClosedLoop/adexl/results/data/Interactive.95/1/folded_cascode_project:opamp_TB_ClosedLoop:1. Use results() for a list of available results.
WARNING (OCN-6038): Results ac are not available for /home/cadence/simulation/folded_cascode_project/opamp_TB_ClosedLoop/adexl/results/data/Interactive.95/1/folded_cascode_project:opamp_TB_ClosedLoop:1. Use results() for a list of available results.
ERROR (ADEXL-2709): Evaluation of output 'BWcl' returned 'nil' for point:'1' test:'folded_cascode_project:opamp_TB_ClosedLoop:1'
	Expression:'bandwidth(v("/Vout" ?result "ac") 3 "low")'.
Ensure that the definition of output is correct.

WARNING (OCN-6038): Results stb_margin are not available for /home/cadence/simulation/folded_cascode_project/opamp_TB_ClosedLoop/adexl/results/data/Interactive.95/1/folded_cascode_project:opamp_TB_ClosedLoop:1. Use results() for a list of available results.
WARNING (OCN-6038): Results stb_margin are not available for /home/cadence/simulation/folded_cascode_project/opamp_TB_ClosedLoop/adexl/results/data/Interactive.95/1/folded_cascode_project:opamp_TB_ClosedLoop:1. Use results() for a list of available results.
ERROR (ADEXL-2709): Evaluation of output 'PM' returned 'nil' for point:'1' test:'folded_cascode_project:opamp_TB_ClosedLoop:1'
	Expression:'getData("/phaseMargin" ?result "stb_margin")'.
Ensure that the definition of output is correct.

WARNING (OCN-6038): Results ac are not available for /home/cadence/simulation/folded_cascode_project/opamp_TB_ClosedLoop/adexl/results/data/Interactive.95/1/folded_cascode_project:opamp_TB_ClosedLoop:1. Use results() for a list of available results.
WARNING (OCN-6038): Results ac are not available for /home/cadence/simulation/folded_cascode_project/opamp_TB_ClosedLoop/adexl/results/data/Interactive.95/1/folded_cascode_project:opamp_TB_ClosedLoop:1. Use results() for a list of available results.
ERROR (ADEXL-2709): Evaluation of output 'GBW' returned 'nil' for point:'1' test:'folded_cascode_project:opamp_TB_ClosedLoop:1'
	Expression:'gainBwProd(v("/Vout" ?result "ac"))'.
Ensure that the definition of output is correct.


*Info*    Run complete for Point ID (2 1) on testbench [
          folded_cascode_project:opamp_TB_ClosedLoop:1 ].





Simulation design variables differ from those on the cellView,
they have been saved in the file "/tmp/saved-design-variables".
To save future changes, copy variables to cellView before exiting.
