Starting Single Run, Sweeps and Corners...

Current time: Mon Apr 21 05:57:09 2025 
Best design point: 1
Design specs: 
	folded_cascode_project:Mosfet_charecterisation:1	corner	Nominal - 
	cdd		5.697f
	gm		776.8u
	ids op		72.7u
	rout Op		63.19k
	Vdsat OP		143.1m
	cgg P		Error	No
	gm PMos		Error	No
	ids PMos		Error	No
	rout op		Error	No
	vgs Vs. gm/id PMOS		Error	No
	ids Vs. gm/ids		Error	No
	gm*ro Vs gm/id PMOS		Error	No
	ft PMOS		Error	No
	rout Vs. vgs PMOS		Error	No
	vgs PMOS		Error	No
Design parameters: 
	L		500n
	VBS		0
	VDS		500m
	VGS		750m
	W		15u

Interactive.164
Number of points completed: 1
Number of simulation errors: 10
Interactive.164 completed. 
Current time: Mon Apr 21 05:57:12 2025 
