Starting Single Run, Sweeps and Corners...

Current time: Mon Apr 21 06:01:13 2025 
Best design point: 1
Design specs: 
	folded_cascode_project:Mosfet_charecterisation:1	corner	Nominal - 
	cdd		5.468f
	gm		635.4u
	ids op		62.82u
	rout Op		31.9k
	Vdsat OP		149.9m
	cgg P		Error	No
	gm PMos		Error	No
	ids PMos		Error	No
	rout op		Error	No
	vgs Vs. gm/id PMOS		Error	No
	ids Vs. gm/ids		Error	No
	gm*ro Vs gm/id PMOS		Error	No
	ft PMOS		Error	No
	rout Vs. vgs PMOS		Error	No
	vgs PMOS		Error	No
Design parameters: 
	L		500n
	VBS		0
	VDS		250m
	VGS		765m
	W		12u

Interactive.170
Number of points completed: 1
Number of simulation errors: 10
Interactive.170 completed. 
Current time: Mon Apr 21 06:01:16 2025 
