Starting Single Run, Sweeps and Corners...

Current time: Mon Apr 21 06:01:59 2025 
Best design point: 1
Design specs: 
	folded_cascode_project:Mosfet_charecterisation:1	corner	Nominal - 
	cdd		6.435f
	gm		761.6u
	ids op		76.95u
	rout Op		25.97k
	Vdsat OP		153m
	cgg P		Error	No
	gm PMos		Error	No
	ids PMos		Error	No
	rout op		Error	No
	vgs Vs. gm/id PMOS		Error	No
	ids Vs. gm/ids		Error	No
	gm*ro Vs gm/id PMOS		Error	No
	ft PMOS		Error	No
	rout Vs. vgs PMOS		Error	No
	vgs PMOS		Error	No
Design parameters: 
	L		500n
	VBS		0
	VDS		250m
	VGS		770m
	W		14u

Interactive.172
Number of points completed: 1
Number of simulation errors: 10
Interactive.172 completed. 
Current time: Mon Apr 21 06:02:02 2025 
