Starting Single Run, Sweeps and Corners...

Current time: Mon Apr 21 06:00:51 2025 
Best design point: 1
Design specs: 
	folded_cascode_project:Mosfet_charecterisation:1	corner	Nominal - 
	cdd		8.198f
	gm		951.3u
	ids op		94u
	rout Op		21.32k
	Vdsat OP		149.8m
	cgg P		Error	No
	gm PMos		Error	No
	ids PMos		Error	No
	rout op		Error	No
	vgs Vs. gm/id PMOS		Error	No
	ids Vs. gm/ids		Error	No
	gm*ro Vs gm/id PMOS		Error	No
	ft PMOS		Error	No
	rout Vs. vgs PMOS		Error	No
	vgs PMOS		Error	No
Design parameters: 
	L		500n
	VBS		0
	VDS		250m
	VGS		765m
	W		18u

Interactive.169
Number of points completed: 1
Number of simulation errors: 10
Interactive.169 completed. 
Current time: Mon Apr 21 06:00:54 2025 
