Starting Single Run, Sweeps and Corners...

Current time: Sat Apr 19 14:12:20 2025 
Best design point: 1
Design specs: 
	folded_cascode_project:Mosfet_charecterisation:1	corner	Nominal - 
	cgg P		Error	No
	gm PMos		Error	No
	ids PMos		Error	No
	rout op		Error	No
	vgs Vs. gm/id PMOS		Error	No
	ids Vs. gm/ids		Error	No
	gm*ro Vs gm/id PMOS		Error	No
	ft PMOS		Error	No
	rout Vs. vgs PMOS		Error	No
	vgs PMOS		Error	No
Design parameters: 
	L		1u
	VBS		0
	VDS		800m
	VGS		830m
	W		18u

Interactive.132
Number of points completed: 1
Number of simulation errors: 10
Interactive.132 completed. 
Current time: Sat Apr 19 14:12:29 2025 
