Starting Single Run, Sweeps and Corners...

Current time: Mon Apr 21 05:57:34 2025 
Best design point: 1
Design specs: 
	folded_cascode_project:Mosfet_charecterisation:1	corner	Nominal - 
	cdd		6.076f
	gm		828.4u
	ids op		77.52u
	rout Op		59.26k
	Vdsat OP		143.1m
	cgg P		Error	No
	gm PMos		Error	No
	ids PMos		Error	No
	rout op		Error	No
	vgs Vs. gm/id PMOS		Error	No
	ids Vs. gm/ids		Error	No
	gm*ro Vs gm/id PMOS		Error	No
	ft PMOS		Error	No
	rout Vs. vgs PMOS		Error	No
	vgs PMOS		Error	No
Design parameters: 
	L		500n
	VBS		0
	VDS		500m
	VGS		750m
	W		16u

Interactive.166
Number of points completed: 1
Number of simulation errors: 10
Interactive.166 completed. 
Current time: Mon Apr 21 05:57:37 2025 
