Starting Single Run, Sweeps and Corners...

Current time: Mon Apr 21 05:57:22 2025 
Best design point: 1
Design specs: 
	folded_cascode_project:Mosfet_charecterisation:1	corner	Nominal - 
	cdd		6.456f
	gm		879.9u
	ids op		82.34u
	rout Op		55.79k
	Vdsat OP		143.1m
	cgg P		Error	No
	gm PMos		Error	No
	ids PMos		Error	No
	rout op		Error	No
	vgs Vs. gm/id PMOS		Error	No
	ids Vs. gm/ids		Error	No
	gm*ro Vs gm/id PMOS		Error	No
	ft PMOS		Error	No
	rout Vs. vgs PMOS		Error	No
	vgs PMOS		Error	No
Design parameters: 
	L		500n
	VBS		0
	VDS		500m
	VGS		750m
	W		17u

Interactive.165
Number of points completed: 1
Number of simulation errors: 10
Interactive.165 completed. 
Current time: Mon Apr 21 05:57:25 2025 
