\o Program:		@(#)$CDS: libManager version 6.1.7 - CAT35 10/18/2015 00:06 (sjfnl678) $
\o Sub version:		sub-version  p009 
\o Arguments:		-unmapped -mpssession virtuoso6826 -mpshost berkeley 
\o Working Directory:	berkeley:/home/cadence/folded_cascode_project/folded_cascode_project
\o 64-bit offsets
\o Qt version: 		4.8.5
\o changeWorkingDir("/home/cadence/folded_cascode_project/folded_cascode_project") unnecessary.
\o ddSetForcedLib("") unnecessary.
\o Log file is "/home/cadence/folded_cascode_project/folded_cascode_project/libManager.log".
\o Opening libManager window.
\a nrSetWindowVisibility(cdsLibManager "show")
\o MPS service: map window
\a nrSetCurrentWindow(cdsLibManager)
\o Library Manager customization server connected.
\a nrResizeWindow(cdsLibManager list(0 25 1710 733))
\a cdsLibManager->showCatsToggle->value = t
\a cdsLibManager->QToolButton7->value = t
\a cdsLibManager->showCategoriesAction->value = t
\a cdsLibManager->showCatsToggle->value = nil
\a cdsLibManager->QToolButton7->value = nil
\a cdsLibManager->showCategoriesAction->value = nil
\a cdsLibManager->showFilesToggle->value = t
\a cdsLibManager->showFilesToggle->value = nil
\a _lmgrCloseIconify("cdsLibManager" 1)
\a nrSetCurrentWindow(cdsLibManager)
\a _lmgrCloseIconify("cdsLibManager" 1)
\o MPS service: shutdown
\o libManager is exiting.
\a nrSetWindowVisibility(cdsLibManager "hide")
\a exit(0)
